INFO - 04-12-2020 12:02:10 - Hooks - beforeScenario - Thread ID:'12' 'PASS'
INFO - 04-12-2020 12:02:10 - RestServices - getResponseFromGetMethod - end point url - https://gorest.co.in/public-api/users
INFO - 04-12-2020 12:02:12 - RestServices - getResponseFromGetMethod - Response Status - 200
INFO - 04-12-2020 12:02:12 - RestServices - getResponseFromGetMethod - Response  - {"code":200,"meta":{"pagination":{"total":1355,"pages":68,"page":1,"limit":20}},"data":[{"id":40,"name":"Ronny Morar","email":"Maggie_Casper@yahoo.com","gender":"Male","status":"Active","created_at":"2020-12-04T03:50:04.779+05:30","updated_at":"2020-12-04T08:32:53.299+05:30"},{"id":41,"name":"Vasundhara Pandey","email":"vasundhara_pandey@deckow.org","gender":"Female","status":"Active","created_at":"2020-12-04T03:50:04.802+05:30","updated_at":"2020-12-04T03:50:04.802+05:30"},{"id":42,"name":"Ms. Dhanvin Pandey","email":"pandey_dhanvin_ms@gislason.com","gender":"Female","status":"Active","created_at":"2020-12-04T03:50:04.811+05:30","updated_at":"2020-12-04T03:50:04.811+05:30"},{"id":43,"name":"Arindam Sethi","email":"arindam_sethi@runte.name","gender":"Male","status":"Inactive","created_at":"2020-12-04T03:50:04.828+05:30","updated_at":"2020-12-04T03:50:04.828+05:30"},{"id":44,"name":"Chandan Rana","email":"rana_chandan@lockman-marquardt.net","gender":"Male","status":"Inactive","created_at":"2020-12-04T03:50:04.831+05:30","updated_at":"2020-12-04T03:50:04.831+05:30"},{"id":45,"name":"Chandra Guneta","email":"guneta_chandra@hermann.biz","gender":"Male","status":"Inactive","created_at":"2020-12-04T03:50:04.843+05:30","updated_at":"2020-12-04T03:50:04.843+05:30"},{"id":46,"name":"Dipali Iyengar MD","email":"dipali_md_iyengar@ratke.org","gender":"Male","status":"Inactive","created_at":"2020-12-04T03:50:04.861+05:30","updated_at":"2020-12-04T03:50:04.861+05:30"},{"id":47,"name":"Bhaaswar Jain V","email":"bhaaswar_v_jain@cummings.biz","gender":"Male","status":"Inactive","created_at":"2020-12-04T03:50:04.873+05:30","updated_at":"2020-12-04T03:50:04.873+05:30"},{"id":48,"name":"Amb. Gopaal Gupta","email":"amb_gopaal_gupta@ruecker.info","gender":"Male","status":"Inactive","created_at":"2020-12-04T03:50:04.882+05:30","updated_at":"2020-12-04T03:50:04.882+05:30"},{"id":49,"name":"Anish Bhattathiri","email":"anish_bhattathiri@ohara-torphy.net","gender":"Female","status":"Active","created_at":"2020-12-04T03:50:04.885+05:30","updated_at":"2020-12-04T03:50:04.885+05:30"},{"id":50,"name":"Purushottam Namboothiri","email":"purushottam_namboothiri@spinka.org","gender":"Male","status":"Inactive","created_at":"2020-12-04T03:50:04.920+05:30","updated_at":"2020-12-04T03:50:04.920+05:30"},{"id":51,"name":"Sudeva Mehra","email":"sudeva_mehra@bogan.info","gender":"Male","status":"Active","created_at":"2020-12-04T03:50:04.934+05:30","updated_at":"2020-12-04T03:50:04.934+05:30"},{"id":53,"name":"Charuvrat Sethi","email":"sethi_charuvrat@yost.biz","gender":"Male","status":"Active","created_at":"2020-12-04T03:50:04.958+05:30","updated_at":"2020-12-04T03:50:04.958+05:30"},{"id":54,"name":"Brahmaanand Shah","email":"shah_brahmaanand@dibbert.name","gender":"Male","status":"Inactive","created_at":"2020-12-04T03:50:04.981+05:30","updated_at":"2020-12-04T03:50:04.981+05:30"},{"id":55,"name":"Prof. Nimit Malik","email":"prof_nimit_malik@parker-hamill.org","gender":"Female","status":"Inactive","created_at":"2020-12-04T03:50:04.992+05:30","updated_at":"2020-12-04T03:50:04.992+05:30"},{"id":56,"name":"Brajesh Tagore","email":"brajesh_tagore@mosciski.co","gender":"Male","status":"Active","created_at":"2020-12-04T03:50:05.018+05:30","updated_at":"2020-12-04T03:50:05.018+05:30"},{"id":57,"name":"Vijay Naik JD","email":"vijay_jd_naik@denesik.org","gender":"Female","status":"Active","created_at":"2020-12-04T03:50:05.029+05:30","updated_at":"2020-12-04T03:50:05.029+05:30"},{"id":58,"name":"Dhana Chopra","email":"dhana_chopra@stracke.net","gender":"Female","status":"Inactive","created_at":"2020-12-04T03:50:05.060+05:30","updated_at":"2020-12-04T03:50:05.060+05:30"},{"id":59,"name":"Baijayanti Abbott","email":"baijayanti_abbott@rippin-flatley.io","gender":"Male","status":"Active","created_at":"2020-12-04T03:50:05.079+05:30","updated_at":"2020-12-04T03:50:05.079+05:30"},{"id":60,"name":"Baalagopaal Rana","email":"rana_baalagopaal@kautzer-daugherty.name","gender":"Female","status":"Active","created_at":"2020-12-04T03:50:05.105+05:30","updated_at":"2020-12-04T03:50:05.105+05:30"}]}
INFO - 04-12-2020 12:02:12 - RestServices - getResponseFromGetMethod - end point url - https://gorest.co.in/public-api/users
INFO - 04-12-2020 12:02:13 - RestServices - getResponseFromGetMethod - Response Status - 200
INFO - 04-12-2020 12:02:13 - RestServices - getResponseFromGetMethod - Response  - {"code":200,"meta":{"pagination":{"total":1355,"pages":68,"page":1,"limit":20}},"data":[{"id":40,"name":"Ronny Morar","email":"Maggie_Casper@yahoo.com","gender":"Male","status":"Active","created_at":"2020-12-04T03:50:04.779+05:30","updated_at":"2020-12-04T08:32:53.299+05:30"},{"id":41,"name":"Vasundhara Pandey","email":"vasundhara_pandey@deckow.org","gender":"Female","status":"Active","created_at":"2020-12-04T03:50:04.802+05:30","updated_at":"2020-12-04T03:50:04.802+05:30"},{"id":42,"name":"Ms. Dhanvin Pandey","email":"pandey_dhanvin_ms@gislason.com","gender":"Female","status":"Active","created_at":"2020-12-04T03:50:04.811+05:30","updated_at":"2020-12-04T03:50:04.811+05:30"},{"id":43,"name":"Arindam Sethi","email":"arindam_sethi@runte.name","gender":"Male","status":"Inactive","created_at":"2020-12-04T03:50:04.828+05:30","updated_at":"2020-12-04T03:50:04.828+05:30"},{"id":44,"name":"Chandan Rana","email":"rana_chandan@lockman-marquardt.net","gender":"Male","status":"Inactive","created_at":"2020-12-04T03:50:04.831+05:30","updated_at":"2020-12-04T03:50:04.831+05:30"},{"id":45,"name":"Chandra Guneta","email":"guneta_chandra@hermann.biz","gender":"Male","status":"Inactive","created_at":"2020-12-04T03:50:04.843+05:30","updated_at":"2020-12-04T03:50:04.843+05:30"},{"id":46,"name":"Dipali Iyengar MD","email":"dipali_md_iyengar@ratke.org","gender":"Male","status":"Inactive","created_at":"2020-12-04T03:50:04.861+05:30","updated_at":"2020-12-04T03:50:04.861+05:30"},{"id":47,"name":"Bhaaswar Jain V","email":"bhaaswar_v_jain@cummings.biz","gender":"Male","status":"Inactive","created_at":"2020-12-04T03:50:04.873+05:30","updated_at":"2020-12-04T03:50:04.873+05:30"},{"id":48,"name":"Amb. Gopaal Gupta","email":"amb_gopaal_gupta@ruecker.info","gender":"Male","status":"Inactive","created_at":"2020-12-04T03:50:04.882+05:30","updated_at":"2020-12-04T03:50:04.882+05:30"},{"id":49,"name":"Anish Bhattathiri","email":"anish_bhattathiri@ohara-torphy.net","gender":"Female","status":"Active","created_at":"2020-12-04T03:50:04.885+05:30","updated_at":"2020-12-04T03:50:04.885+05:30"},{"id":50,"name":"Purushottam Namboothiri","email":"purushottam_namboothiri@spinka.org","gender":"Male","status":"Inactive","created_at":"2020-12-04T03:50:04.920+05:30","updated_at":"2020-12-04T03:50:04.920+05:30"},{"id":51,"name":"Sudeva Mehra","email":"sudeva_mehra@bogan.info","gender":"Male","status":"Active","created_at":"2020-12-04T03:50:04.934+05:30","updated_at":"2020-12-04T03:50:04.934+05:30"},{"id":53,"name":"Charuvrat Sethi","email":"sethi_charuvrat@yost.biz","gender":"Male","status":"Active","created_at":"2020-12-04T03:50:04.958+05:30","updated_at":"2020-12-04T03:50:04.958+05:30"},{"id":54,"name":"Brahmaanand Shah","email":"shah_brahmaanand@dibbert.name","gender":"Male","status":"Inactive","created_at":"2020-12-04T03:50:04.981+05:30","updated_at":"2020-12-04T03:50:04.981+05:30"},{"id":55,"name":"Prof. Nimit Malik","email":"prof_nimit_malik@parker-hamill.org","gender":"Female","status":"Inactive","created_at":"2020-12-04T03:50:04.992+05:30","updated_at":"2020-12-04T03:50:04.992+05:30"},{"id":56,"name":"Brajesh Tagore","email":"brajesh_tagore@mosciski.co","gender":"Male","status":"Active","created_at":"2020-12-04T03:50:05.018+05:30","updated_at":"2020-12-04T03:50:05.018+05:30"},{"id":57,"name":"Vijay Naik JD","email":"vijay_jd_naik@denesik.org","gender":"Female","status":"Active","created_at":"2020-12-04T03:50:05.029+05:30","updated_at":"2020-12-04T03:50:05.029+05:30"},{"id":58,"name":"Dhana Chopra","email":"dhana_chopra@stracke.net","gender":"Female","status":"Inactive","created_at":"2020-12-04T03:50:05.060+05:30","updated_at":"2020-12-04T03:50:05.060+05:30"},{"id":59,"name":"Baijayanti Abbott","email":"baijayanti_abbott@rippin-flatley.io","gender":"Male","status":"Active","created_at":"2020-12-04T03:50:05.079+05:30","updated_at":"2020-12-04T03:50:05.079+05:30"},{"id":60,"name":"Baalagopaal Rana","email":"rana_baalagopaal@kautzer-daugherty.name","gender":"Female","status":"Active","created_at":"2020-12-04T03:50:05.105+05:30","updated_at":"2020-12-04T03:50:05.105+05:30"}]}
INFO - 04-12-2020 12:02:13 - FlatMapUtil - assertPojoValues - PASS:: Response1 Node Name : 'code' and Values :'200' - Response2 Node Name : 'code' and Values :'200'
INFO - 04-12-2020 12:02:13 - FlatMapUtil - assertPojoValues - PASS:: Response1 Node Name : 'total' and Values :'1355' - Response2 Node Name : 'total' and Values :'1355'
INFO - 04-12-2020 12:02:13 - FlatMapUtil - assertPojoValues - PASS:: Response1 Node Name : 'pages' and Values :'68' - Response2 Node Name : 'pages' and Values :'68'
INFO - 04-12-2020 12:02:13 - FlatMapUtil - assertPojoValues - PASS:: Response1 Node Name : 'Page' and Values :'1' - Response2 Node Name : 'Page' and Values :'1'
INFO - 04-12-2020 12:02:13 - FlatMapUtil - assertPojoValues - PASS:: Response1 Node Name : 'Limit' and Values :'20' - Response2 Node Name : 'Limit' and Values :'20'
INFO - 04-12-2020 12:02:13 - FlatMapUtil - pojoComparision - ====================================Record ID : '40' data validation started====================================
INFO - 04-12-2020 12:02:13 - FlatMapUtil - assertPojoValues - PASS:: Response1 Node Name : 'Id' and Values :'40' - Response2 Node Name : 'Id' and Values :'40'
INFO - 04-12-2020 12:02:13 - FlatMapUtil - assertPojoValues - PASS:: Response1 Node Name : 'Name' and Values :'Ronny Morar' - Response2 Node Name : 'Name' and Values :'Ronny Morar'
INFO - 04-12-2020 12:02:13 - FlatMapUtil - assertPojoValues - PASS:: Response1 Node Name : 'Email' and Values :'Maggie_Casper@yahoo.com' - Response2 Node Name : 'Email' and Values :'Maggie_Casper@yahoo.com'
INFO - 04-12-2020 12:02:13 - FlatMapUtil - assertPojoValues - PASS:: Response1 Node Name : 'Gender' and Values :'Male' - Response2 Node Name : 'Gender' and Values :'Male'
INFO - 04-12-2020 12:02:13 - FlatMapUtil - assertPojoValues - PASS:: Response1 Node Name : 'Status' and Values :'Active' - Response2 Node Name : 'Status' and Values :'Active'
INFO - 04-12-2020 12:02:13 - FlatMapUtil - assertPojoValues - PASS:: Response1 Node Name : 'createdat' and Values :'2020-12-04T03:50:04.779+05:30' - Response2 Node Name : 'createdat' and Values :'2020-12-04T03:50:04.779+05:30'
INFO - 04-12-2020 12:02:13 - FlatMapUtil - assertPojoValues - PASS:: Response1 Node Name : 'updatedat' and Values :'2020-12-04T08:32:53.299+05:30' - Response2 Node Name : 'updatedat' and Values :'2020-12-04T08:32:53.299+05:30'
INFO - 04-12-2020 12:02:13 - FlatMapUtil - pojoComparision - ====================================Record ID : '40' data validation ended====================================
INFO - 04-12-2020 12:02:13 - FlatMapUtil - pojoComparision - ====================================Record ID : '41' data validation started====================================
INFO - 04-12-2020 12:02:13 - FlatMapUtil - assertPojoValues - PASS:: Response1 Node Name : 'Id' and Values :'41' - Response2 Node Name : 'Id' and Values :'41'
INFO - 04-12-2020 12:02:13 - FlatMapUtil - assertPojoValues - PASS:: Response1 Node Name : 'Name' and Values :'Vasundhara Pandey' - Response2 Node Name : 'Name' and Values :'Vasundhara Pandey'
INFO - 04-12-2020 12:02:13 - FlatMapUtil - assertPojoValues - PASS:: Response1 Node Name : 'Email' and Values :'vasundhara_pandey@deckow.org' - Response2 Node Name : 'Email' and Values :'vasundhara_pandey@deckow.org'
INFO - 04-12-2020 12:02:13 - FlatMapUtil - assertPojoValues - PASS:: Response1 Node Name : 'Gender' and Values :'Female' - Response2 Node Name : 'Gender' and Values :'Female'
INFO - 04-12-2020 12:02:13 - FlatMapUtil - assertPojoValues - PASS:: Response1 Node Name : 'Status' and Values :'Active' - Response2 Node Name : 'Status' and Values :'Active'
INFO - 04-12-2020 12:02:13 - FlatMapUtil - assertPojoValues - PASS:: Response1 Node Name : 'createdat' and Values :'2020-12-04T03:50:04.802+05:30' - Response2 Node Name : 'createdat' and Values :'2020-12-04T03:50:04.802+05:30'
INFO - 04-12-2020 12:02:13 - FlatMapUtil - assertPojoValues - PASS:: Response1 Node Name : 'updatedat' and Values :'2020-12-04T03:50:04.802+05:30' - Response2 Node Name : 'updatedat' and Values :'2020-12-04T03:50:04.802+05:30'
INFO - 04-12-2020 12:02:13 - FlatMapUtil - pojoComparision - ====================================Record ID : '41' data validation ended====================================
INFO - 04-12-2020 12:02:13 - FlatMapUtil - pojoComparision - ====================================Record ID : '42' data validation started====================================
INFO - 04-12-2020 12:02:13 - FlatMapUtil - assertPojoValues - PASS:: Response1 Node Name : 'Id' and Values :'42' - Response2 Node Name : 'Id' and Values :'42'
INFO - 04-12-2020 12:02:13 - FlatMapUtil - assertPojoValues - PASS:: Response1 Node Name : 'Name' and Values :'Ms. Dhanvin Pandey' - Response2 Node Name : 'Name' and Values :'Ms. Dhanvin Pandey'
INFO - 04-12-2020 12:02:13 - FlatMapUtil - assertPojoValues - PASS:: Response1 Node Name : 'Email' and Values :'pandey_dhanvin_ms@gislason.com' - Response2 Node Name : 'Email' and Values :'pandey_dhanvin_ms@gislason.com'
INFO - 04-12-2020 12:02:13 - FlatMapUtil - assertPojoValues - PASS:: Response1 Node Name : 'Gender' and Values :'Female' - Response2 Node Name : 'Gender' and Values :'Female'
INFO - 04-12-2020 12:02:13 - FlatMapUtil - assertPojoValues - PASS:: Response1 Node Name : 'Status' and Values :'Active' - Response2 Node Name : 'Status' and Values :'Active'
INFO - 04-12-2020 12:02:13 - FlatMapUtil - assertPojoValues - PASS:: Response1 Node Name : 'createdat' and Values :'2020-12-04T03:50:04.811+05:30' - Response2 Node Name : 'createdat' and Values :'2020-12-04T03:50:04.811+05:30'
INFO - 04-12-2020 12:02:13 - FlatMapUtil - assertPojoValues - PASS:: Response1 Node Name : 'updatedat' and Values :'2020-12-04T03:50:04.811+05:30' - Response2 Node Name : 'updatedat' and Values :'2020-12-04T03:50:04.811+05:30'
INFO - 04-12-2020 12:02:13 - FlatMapUtil - pojoComparision - ====================================Record ID : '42' data validation ended====================================
INFO - 04-12-2020 12:02:13 - FlatMapUtil - pojoComparision - ====================================Record ID : '43' data validation started====================================
INFO - 04-12-2020 12:02:13 - FlatMapUtil - assertPojoValues - PASS:: Response1 Node Name : 'Id' and Values :'43' - Response2 Node Name : 'Id' and Values :'43'
INFO - 04-12-2020 12:02:13 - FlatMapUtil - assertPojoValues - PASS:: Response1 Node Name : 'Name' and Values :'Arindam Sethi' - Response2 Node Name : 'Name' and Values :'Arindam Sethi'
INFO - 04-12-2020 12:02:13 - FlatMapUtil - assertPojoValues - PASS:: Response1 Node Name : 'Email' and Values :'arindam_sethi@runte.name' - Response2 Node Name : 'Email' and Values :'arindam_sethi@runte.name'
INFO - 04-12-2020 12:02:13 - FlatMapUtil - assertPojoValues - PASS:: Response1 Node Name : 'Gender' and Values :'Male' - Response2 Node Name : 'Gender' and Values :'Male'
INFO - 04-12-2020 12:02:13 - FlatMapUtil - assertPojoValues - PASS:: Response1 Node Name : 'Status' and Values :'Inactive' - Response2 Node Name : 'Status' and Values :'Inactive'
INFO - 04-12-2020 12:02:13 - FlatMapUtil - assertPojoValues - PASS:: Response1 Node Name : 'createdat' and Values :'2020-12-04T03:50:04.828+05:30' - Response2 Node Name : 'createdat' and Values :'2020-12-04T03:50:04.828+05:30'
INFO - 04-12-2020 12:02:13 - FlatMapUtil - assertPojoValues - PASS:: Response1 Node Name : 'updatedat' and Values :'2020-12-04T03:50:04.828+05:30' - Response2 Node Name : 'updatedat' and Values :'2020-12-04T03:50:04.828+05:30'
INFO - 04-12-2020 12:02:13 - FlatMapUtil - pojoComparision - ====================================Record ID : '43' data validation ended====================================
INFO - 04-12-2020 12:02:13 - FlatMapUtil - pojoComparision - ====================================Record ID : '44' data validation started====================================
INFO - 04-12-2020 12:02:13 - FlatMapUtil - assertPojoValues - PASS:: Response1 Node Name : 'Id' and Values :'44' - Response2 Node Name : 'Id' and Values :'44'
INFO - 04-12-2020 12:02:13 - FlatMapUtil - assertPojoValues - PASS:: Response1 Node Name : 'Name' and Values :'Chandan Rana' - Response2 Node Name : 'Name' and Values :'Chandan Rana'
INFO - 04-12-2020 12:02:13 - FlatMapUtil - assertPojoValues - PASS:: Response1 Node Name : 'Email' and Values :'rana_chandan@lockman-marquardt.net' - Response2 Node Name : 'Email' and Values :'rana_chandan@lockman-marquardt.net'
INFO - 04-12-2020 12:02:13 - FlatMapUtil - assertPojoValues - PASS:: Response1 Node Name : 'Gender' and Values :'Male' - Response2 Node Name : 'Gender' and Values :'Male'
INFO - 04-12-2020 12:02:13 - FlatMapUtil - assertPojoValues - PASS:: Response1 Node Name : 'Status' and Values :'Inactive' - Response2 Node Name : 'Status' and Values :'Inactive'
INFO - 04-12-2020 12:02:13 - FlatMapUtil - assertPojoValues - PASS:: Response1 Node Name : 'createdat' and Values :'2020-12-04T03:50:04.831+05:30' - Response2 Node Name : 'createdat' and Values :'2020-12-04T03:50:04.831+05:30'
INFO - 04-12-2020 12:02:13 - FlatMapUtil - assertPojoValues - PASS:: Response1 Node Name : 'updatedat' and Values :'2020-12-04T03:50:04.831+05:30' - Response2 Node Name : 'updatedat' and Values :'2020-12-04T03:50:04.831+05:30'
INFO - 04-12-2020 12:02:13 - FlatMapUtil - pojoComparision - ====================================Record ID : '44' data validation ended====================================
INFO - 04-12-2020 12:02:13 - FlatMapUtil - pojoComparision - ====================================Record ID : '45' data validation started====================================
INFO - 04-12-2020 12:02:13 - FlatMapUtil - assertPojoValues - PASS:: Response1 Node Name : 'Id' and Values :'45' - Response2 Node Name : 'Id' and Values :'45'
INFO - 04-12-2020 12:02:13 - FlatMapUtil - assertPojoValues - PASS:: Response1 Node Name : 'Name' and Values :'Chandra Guneta' - Response2 Node Name : 'Name' and Values :'Chandra Guneta'
INFO - 04-12-2020 12:02:13 - FlatMapUtil - assertPojoValues - PASS:: Response1 Node Name : 'Email' and Values :'guneta_chandra@hermann.biz' - Response2 Node Name : 'Email' and Values :'guneta_chandra@hermann.biz'
INFO - 04-12-2020 12:02:13 - FlatMapUtil - assertPojoValues - PASS:: Response1 Node Name : 'Gender' and Values :'Male' - Response2 Node Name : 'Gender' and Values :'Male'
INFO - 04-12-2020 12:02:13 - FlatMapUtil - assertPojoValues - PASS:: Response1 Node Name : 'Status' and Values :'Inactive' - Response2 Node Name : 'Status' and Values :'Inactive'
INFO - 04-12-2020 12:02:13 - FlatMapUtil - assertPojoValues - PASS:: Response1 Node Name : 'createdat' and Values :'2020-12-04T03:50:04.843+05:30' - Response2 Node Name : 'createdat' and Values :'2020-12-04T03:50:04.843+05:30'
INFO - 04-12-2020 12:02:13 - FlatMapUtil - assertPojoValues - PASS:: Response1 Node Name : 'updatedat' and Values :'2020-12-04T03:50:04.843+05:30' - Response2 Node Name : 'updatedat' and Values :'2020-12-04T03:50:04.843+05:30'
INFO - 04-12-2020 12:02:13 - FlatMapUtil - pojoComparision - ====================================Record ID : '45' data validation ended====================================
INFO - 04-12-2020 12:02:13 - FlatMapUtil - pojoComparision - ====================================Record ID : '46' data validation started====================================
INFO - 04-12-2020 12:02:13 - FlatMapUtil - assertPojoValues - PASS:: Response1 Node Name : 'Id' and Values :'46' - Response2 Node Name : 'Id' and Values :'46'
INFO - 04-12-2020 12:02:13 - FlatMapUtil - assertPojoValues - PASS:: Response1 Node Name : 'Name' and Values :'Dipali Iyengar MD' - Response2 Node Name : 'Name' and Values :'Dipali Iyengar MD'
INFO - 04-12-2020 12:02:13 - FlatMapUtil - assertPojoValues - PASS:: Response1 Node Name : 'Email' and Values :'dipali_md_iyengar@ratke.org' - Response2 Node Name : 'Email' and Values :'dipali_md_iyengar@ratke.org'
INFO - 04-12-2020 12:02:13 - FlatMapUtil - assertPojoValues - PASS:: Response1 Node Name : 'Gender' and Values :'Male' - Response2 Node Name : 'Gender' and Values :'Male'
INFO - 04-12-2020 12:02:13 - FlatMapUtil - assertPojoValues - PASS:: Response1 Node Name : 'Status' and Values :'Inactive' - Response2 Node Name : 'Status' and Values :'Inactive'
INFO - 04-12-2020 12:02:13 - FlatMapUtil - assertPojoValues - PASS:: Response1 Node Name : 'createdat' and Values :'2020-12-04T03:50:04.861+05:30' - Response2 Node Name : 'createdat' and Values :'2020-12-04T03:50:04.861+05:30'
INFO - 04-12-2020 12:02:13 - FlatMapUtil - assertPojoValues - PASS:: Response1 Node Name : 'updatedat' and Values :'2020-12-04T03:50:04.861+05:30' - Response2 Node Name : 'updatedat' and Values :'2020-12-04T03:50:04.861+05:30'
INFO - 04-12-2020 12:02:13 - FlatMapUtil - pojoComparision - ====================================Record ID : '46' data validation ended====================================
INFO - 04-12-2020 12:02:13 - FlatMapUtil - pojoComparision - ====================================Record ID : '47' data validation started====================================
INFO - 04-12-2020 12:02:13 - FlatMapUtil - assertPojoValues - PASS:: Response1 Node Name : 'Id' and Values :'47' - Response2 Node Name : 'Id' and Values :'47'
INFO - 04-12-2020 12:02:13 - FlatMapUtil - assertPojoValues - PASS:: Response1 Node Name : 'Name' and Values :'Bhaaswar Jain V' - Response2 Node Name : 'Name' and Values :'Bhaaswar Jain V'
INFO - 04-12-2020 12:02:13 - FlatMapUtil - assertPojoValues - PASS:: Response1 Node Name : 'Email' and Values :'bhaaswar_v_jain@cummings.biz' - Response2 Node Name : 'Email' and Values :'bhaaswar_v_jain@cummings.biz'
INFO - 04-12-2020 12:02:13 - FlatMapUtil - assertPojoValues - PASS:: Response1 Node Name : 'Gender' and Values :'Male' - Response2 Node Name : 'Gender' and Values :'Male'
INFO - 04-12-2020 12:02:13 - FlatMapUtil - assertPojoValues - PASS:: Response1 Node Name : 'Status' and Values :'Inactive' - Response2 Node Name : 'Status' and Values :'Inactive'
INFO - 04-12-2020 12:02:13 - FlatMapUtil - assertPojoValues - PASS:: Response1 Node Name : 'createdat' and Values :'2020-12-04T03:50:04.873+05:30' - Response2 Node Name : 'createdat' and Values :'2020-12-04T03:50:04.873+05:30'
INFO - 04-12-2020 12:02:13 - FlatMapUtil - assertPojoValues - PASS:: Response1 Node Name : 'updatedat' and Values :'2020-12-04T03:50:04.873+05:30' - Response2 Node Name : 'updatedat' and Values :'2020-12-04T03:50:04.873+05:30'
INFO - 04-12-2020 12:02:13 - FlatMapUtil - pojoComparision - ====================================Record ID : '47' data validation ended====================================
INFO - 04-12-2020 12:02:13 - FlatMapUtil - pojoComparision - ====================================Record ID : '48' data validation started====================================
INFO - 04-12-2020 12:02:13 - FlatMapUtil - assertPojoValues - PASS:: Response1 Node Name : 'Id' and Values :'48' - Response2 Node Name : 'Id' and Values :'48'
INFO - 04-12-2020 12:02:13 - FlatMapUtil - assertPojoValues - PASS:: Response1 Node Name : 'Name' and Values :'Amb. Gopaal Gupta' - Response2 Node Name : 'Name' and Values :'Amb. Gopaal Gupta'
INFO - 04-12-2020 12:02:13 - FlatMapUtil - assertPojoValues - PASS:: Response1 Node Name : 'Email' and Values :'amb_gopaal_gupta@ruecker.info' - Response2 Node Name : 'Email' and Values :'amb_gopaal_gupta@ruecker.info'
INFO - 04-12-2020 12:02:13 - FlatMapUtil - assertPojoValues - PASS:: Response1 Node Name : 'Gender' and Values :'Male' - Response2 Node Name : 'Gender' and Values :'Male'
INFO - 04-12-2020 12:02:13 - FlatMapUtil - assertPojoValues - PASS:: Response1 Node Name : 'Status' and Values :'Inactive' - Response2 Node Name : 'Status' and Values :'Inactive'
INFO - 04-12-2020 12:02:13 - FlatMapUtil - assertPojoValues - PASS:: Response1 Node Name : 'createdat' and Values :'2020-12-04T03:50:04.882+05:30' - Response2 Node Name : 'createdat' and Values :'2020-12-04T03:50:04.882+05:30'
INFO - 04-12-2020 12:02:13 - FlatMapUtil - assertPojoValues - PASS:: Response1 Node Name : 'updatedat' and Values :'2020-12-04T03:50:04.882+05:30' - Response2 Node Name : 'updatedat' and Values :'2020-12-04T03:50:04.882+05:30'
INFO - 04-12-2020 12:02:13 - FlatMapUtil - pojoComparision - ====================================Record ID : '48' data validation ended====================================
INFO - 04-12-2020 12:02:13 - FlatMapUtil - pojoComparision - ====================================Record ID : '49' data validation started====================================
INFO - 04-12-2020 12:02:13 - FlatMapUtil - assertPojoValues - PASS:: Response1 Node Name : 'Id' and Values :'49' - Response2 Node Name : 'Id' and Values :'49'
INFO - 04-12-2020 12:02:13 - FlatMapUtil - assertPojoValues - PASS:: Response1 Node Name : 'Name' and Values :'Anish Bhattathiri' - Response2 Node Name : 'Name' and Values :'Anish Bhattathiri'
INFO - 04-12-2020 12:02:13 - FlatMapUtil - assertPojoValues - PASS:: Response1 Node Name : 'Email' and Values :'anish_bhattathiri@ohara-torphy.net' - Response2 Node Name : 'Email' and Values :'anish_bhattathiri@ohara-torphy.net'
INFO - 04-12-2020 12:02:13 - FlatMapUtil - assertPojoValues - PASS:: Response1 Node Name : 'Gender' and Values :'Female' - Response2 Node Name : 'Gender' and Values :'Female'
INFO - 04-12-2020 12:02:13 - FlatMapUtil - assertPojoValues - PASS:: Response1 Node Name : 'Status' and Values :'Active' - Response2 Node Name : 'Status' and Values :'Active'
INFO - 04-12-2020 12:02:13 - FlatMapUtil - assertPojoValues - PASS:: Response1 Node Name : 'createdat' and Values :'2020-12-04T03:50:04.885+05:30' - Response2 Node Name : 'createdat' and Values :'2020-12-04T03:50:04.885+05:30'
INFO - 04-12-2020 12:02:13 - FlatMapUtil - assertPojoValues - PASS:: Response1 Node Name : 'updatedat' and Values :'2020-12-04T03:50:04.885+05:30' - Response2 Node Name : 'updatedat' and Values :'2020-12-04T03:50:04.885+05:30'
INFO - 04-12-2020 12:02:13 - FlatMapUtil - pojoComparision - ====================================Record ID : '49' data validation ended====================================
INFO - 04-12-2020 12:02:13 - FlatMapUtil - pojoComparision - ====================================Record ID : '50' data validation started====================================
INFO - 04-12-2020 12:02:13 - FlatMapUtil - assertPojoValues - PASS:: Response1 Node Name : 'Id' and Values :'50' - Response2 Node Name : 'Id' and Values :'50'
INFO - 04-12-2020 12:02:13 - FlatMapUtil - assertPojoValues - PASS:: Response1 Node Name : 'Name' and Values :'Purushottam Namboothiri' - Response2 Node Name : 'Name' and Values :'Purushottam Namboothiri'
INFO - 04-12-2020 12:02:13 - FlatMapUtil - assertPojoValues - PASS:: Response1 Node Name : 'Email' and Values :'purushottam_namboothiri@spinka.org' - Response2 Node Name : 'Email' and Values :'purushottam_namboothiri@spinka.org'
INFO - 04-12-2020 12:02:13 - FlatMapUtil - assertPojoValues - PASS:: Response1 Node Name : 'Gender' and Values :'Male' - Response2 Node Name : 'Gender' and Values :'Male'
INFO - 04-12-2020 12:02:13 - FlatMapUtil - assertPojoValues - PASS:: Response1 Node Name : 'Status' and Values :'Inactive' - Response2 Node Name : 'Status' and Values :'Inactive'
INFO - 04-12-2020 12:02:13 - FlatMapUtil - assertPojoValues - PASS:: Response1 Node Name : 'createdat' and Values :'2020-12-04T03:50:04.920+05:30' - Response2 Node Name : 'createdat' and Values :'2020-12-04T03:50:04.920+05:30'
INFO - 04-12-2020 12:02:13 - FlatMapUtil - assertPojoValues - PASS:: Response1 Node Name : 'updatedat' and Values :'2020-12-04T03:50:04.920+05:30' - Response2 Node Name : 'updatedat' and Values :'2020-12-04T03:50:04.920+05:30'
INFO - 04-12-2020 12:02:13 - FlatMapUtil - pojoComparision - ====================================Record ID : '50' data validation ended====================================
INFO - 04-12-2020 12:02:13 - FlatMapUtil - pojoComparision - ====================================Record ID : '51' data validation started====================================
INFO - 04-12-2020 12:02:13 - FlatMapUtil - assertPojoValues - PASS:: Response1 Node Name : 'Id' and Values :'51' - Response2 Node Name : 'Id' and Values :'51'
INFO - 04-12-2020 12:02:13 - FlatMapUtil - assertPojoValues - PASS:: Response1 Node Name : 'Name' and Values :'Sudeva Mehra' - Response2 Node Name : 'Name' and Values :'Sudeva Mehra'
INFO - 04-12-2020 12:02:13 - FlatMapUtil - assertPojoValues - PASS:: Response1 Node Name : 'Email' and Values :'sudeva_mehra@bogan.info' - Response2 Node Name : 'Email' and Values :'sudeva_mehra@bogan.info'
INFO - 04-12-2020 12:02:13 - FlatMapUtil - assertPojoValues - PASS:: Response1 Node Name : 'Gender' and Values :'Male' - Response2 Node Name : 'Gender' and Values :'Male'
INFO - 04-12-2020 12:02:13 - FlatMapUtil - assertPojoValues - PASS:: Response1 Node Name : 'Status' and Values :'Active' - Response2 Node Name : 'Status' and Values :'Active'
INFO - 04-12-2020 12:02:13 - FlatMapUtil - assertPojoValues - PASS:: Response1 Node Name : 'createdat' and Values :'2020-12-04T03:50:04.934+05:30' - Response2 Node Name : 'createdat' and Values :'2020-12-04T03:50:04.934+05:30'
INFO - 04-12-2020 12:02:13 - FlatMapUtil - assertPojoValues - PASS:: Response1 Node Name : 'updatedat' and Values :'2020-12-04T03:50:04.934+05:30' - Response2 Node Name : 'updatedat' and Values :'2020-12-04T03:50:04.934+05:30'
INFO - 04-12-2020 12:02:13 - FlatMapUtil - pojoComparision - ====================================Record ID : '51' data validation ended====================================
INFO - 04-12-2020 12:02:13 - FlatMapUtil - pojoComparision - ====================================Record ID : '53' data validation started====================================
INFO - 04-12-2020 12:02:13 - FlatMapUtil - assertPojoValues - PASS:: Response1 Node Name : 'Id' and Values :'53' - Response2 Node Name : 'Id' and Values :'53'
INFO - 04-12-2020 12:02:13 - FlatMapUtil - assertPojoValues - PASS:: Response1 Node Name : 'Name' and Values :'Charuvrat Sethi' - Response2 Node Name : 'Name' and Values :'Charuvrat Sethi'
INFO - 04-12-2020 12:02:13 - FlatMapUtil - assertPojoValues - PASS:: Response1 Node Name : 'Email' and Values :'sethi_charuvrat@yost.biz' - Response2 Node Name : 'Email' and Values :'sethi_charuvrat@yost.biz'
INFO - 04-12-2020 12:02:13 - FlatMapUtil - assertPojoValues - PASS:: Response1 Node Name : 'Gender' and Values :'Male' - Response2 Node Name : 'Gender' and Values :'Male'
INFO - 04-12-2020 12:02:13 - FlatMapUtil - assertPojoValues - PASS:: Response1 Node Name : 'Status' and Values :'Active' - Response2 Node Name : 'Status' and Values :'Active'
INFO - 04-12-2020 12:02:13 - FlatMapUtil - assertPojoValues - PASS:: Response1 Node Name : 'createdat' and Values :'2020-12-04T03:50:04.958+05:30' - Response2 Node Name : 'createdat' and Values :'2020-12-04T03:50:04.958+05:30'
INFO - 04-12-2020 12:02:13 - FlatMapUtil - assertPojoValues - PASS:: Response1 Node Name : 'updatedat' and Values :'2020-12-04T03:50:04.958+05:30' - Response2 Node Name : 'updatedat' and Values :'2020-12-04T03:50:04.958+05:30'
INFO - 04-12-2020 12:02:13 - FlatMapUtil - pojoComparision - ====================================Record ID : '53' data validation ended====================================
INFO - 04-12-2020 12:02:13 - FlatMapUtil - pojoComparision - ====================================Record ID : '54' data validation started====================================
INFO - 04-12-2020 12:02:13 - FlatMapUtil - assertPojoValues - PASS:: Response1 Node Name : 'Id' and Values :'54' - Response2 Node Name : 'Id' and Values :'54'
INFO - 04-12-2020 12:02:13 - FlatMapUtil - assertPojoValues - PASS:: Response1 Node Name : 'Name' and Values :'Brahmaanand Shah' - Response2 Node Name : 'Name' and Values :'Brahmaanand Shah'
INFO - 04-12-2020 12:02:13 - FlatMapUtil - assertPojoValues - PASS:: Response1 Node Name : 'Email' and Values :'shah_brahmaanand@dibbert.name' - Response2 Node Name : 'Email' and Values :'shah_brahmaanand@dibbert.name'
INFO - 04-12-2020 12:02:13 - FlatMapUtil - assertPojoValues - PASS:: Response1 Node Name : 'Gender' and Values :'Male' - Response2 Node Name : 'Gender' and Values :'Male'
INFO - 04-12-2020 12:02:13 - FlatMapUtil - assertPojoValues - PASS:: Response1 Node Name : 'Status' and Values :'Inactive' - Response2 Node Name : 'Status' and Values :'Inactive'
INFO - 04-12-2020 12:02:13 - FlatMapUtil - assertPojoValues - PASS:: Response1 Node Name : 'createdat' and Values :'2020-12-04T03:50:04.981+05:30' - Response2 Node Name : 'createdat' and Values :'2020-12-04T03:50:04.981+05:30'
INFO - 04-12-2020 12:02:13 - FlatMapUtil - assertPojoValues - PASS:: Response1 Node Name : 'updatedat' and Values :'2020-12-04T03:50:04.981+05:30' - Response2 Node Name : 'updatedat' and Values :'2020-12-04T03:50:04.981+05:30'
INFO - 04-12-2020 12:02:13 - FlatMapUtil - pojoComparision - ====================================Record ID : '54' data validation ended====================================
INFO - 04-12-2020 12:02:13 - FlatMapUtil - pojoComparision - ====================================Record ID : '55' data validation started====================================
INFO - 04-12-2020 12:02:13 - FlatMapUtil - assertPojoValues - PASS:: Response1 Node Name : 'Id' and Values :'55' - Response2 Node Name : 'Id' and Values :'55'
INFO - 04-12-2020 12:02:13 - FlatMapUtil - assertPojoValues - PASS:: Response1 Node Name : 'Name' and Values :'Prof. Nimit Malik' - Response2 Node Name : 'Name' and Values :'Prof. Nimit Malik'
INFO - 04-12-2020 12:02:13 - FlatMapUtil - assertPojoValues - PASS:: Response1 Node Name : 'Email' and Values :'prof_nimit_malik@parker-hamill.org' - Response2 Node Name : 'Email' and Values :'prof_nimit_malik@parker-hamill.org'
INFO - 04-12-2020 12:02:13 - FlatMapUtil - assertPojoValues - PASS:: Response1 Node Name : 'Gender' and Values :'Female' - Response2 Node Name : 'Gender' and Values :'Female'
INFO - 04-12-2020 12:02:13 - FlatMapUtil - assertPojoValues - PASS:: Response1 Node Name : 'Status' and Values :'Inactive' - Response2 Node Name : 'Status' and Values :'Inactive'
INFO - 04-12-2020 12:02:13 - FlatMapUtil - assertPojoValues - PASS:: Response1 Node Name : 'createdat' and Values :'2020-12-04T03:50:04.992+05:30' - Response2 Node Name : 'createdat' and Values :'2020-12-04T03:50:04.992+05:30'
INFO - 04-12-2020 12:02:13 - FlatMapUtil - assertPojoValues - PASS:: Response1 Node Name : 'updatedat' and Values :'2020-12-04T03:50:04.992+05:30' - Response2 Node Name : 'updatedat' and Values :'2020-12-04T03:50:04.992+05:30'
INFO - 04-12-2020 12:02:13 - FlatMapUtil - pojoComparision - ====================================Record ID : '55' data validation ended====================================
INFO - 04-12-2020 12:02:13 - FlatMapUtil - pojoComparision - ====================================Record ID : '56' data validation started====================================
INFO - 04-12-2020 12:02:13 - FlatMapUtil - assertPojoValues - PASS:: Response1 Node Name : 'Id' and Values :'56' - Response2 Node Name : 'Id' and Values :'56'
INFO - 04-12-2020 12:02:13 - FlatMapUtil - assertPojoValues - PASS:: Response1 Node Name : 'Name' and Values :'Brajesh Tagore' - Response2 Node Name : 'Name' and Values :'Brajesh Tagore'
INFO - 04-12-2020 12:02:13 - FlatMapUtil - assertPojoValues - PASS:: Response1 Node Name : 'Email' and Values :'brajesh_tagore@mosciski.co' - Response2 Node Name : 'Email' and Values :'brajesh_tagore@mosciski.co'
INFO - 04-12-2020 12:02:13 - FlatMapUtil - assertPojoValues - PASS:: Response1 Node Name : 'Gender' and Values :'Male' - Response2 Node Name : 'Gender' and Values :'Male'
INFO - 04-12-2020 12:02:13 - FlatMapUtil - assertPojoValues - PASS:: Response1 Node Name : 'Status' and Values :'Active' - Response2 Node Name : 'Status' and Values :'Active'
INFO - 04-12-2020 12:02:13 - FlatMapUtil - assertPojoValues - PASS:: Response1 Node Name : 'createdat' and Values :'2020-12-04T03:50:05.018+05:30' - Response2 Node Name : 'createdat' and Values :'2020-12-04T03:50:05.018+05:30'
INFO - 04-12-2020 12:02:13 - FlatMapUtil - assertPojoValues - PASS:: Response1 Node Name : 'updatedat' and Values :'2020-12-04T03:50:05.018+05:30' - Response2 Node Name : 'updatedat' and Values :'2020-12-04T03:50:05.018+05:30'
INFO - 04-12-2020 12:02:13 - FlatMapUtil - pojoComparision - ====================================Record ID : '56' data validation ended====================================
INFO - 04-12-2020 12:02:13 - FlatMapUtil - pojoComparision - ====================================Record ID : '57' data validation started====================================
INFO - 04-12-2020 12:02:13 - FlatMapUtil - assertPojoValues - PASS:: Response1 Node Name : 'Id' and Values :'57' - Response2 Node Name : 'Id' and Values :'57'
INFO - 04-12-2020 12:02:13 - FlatMapUtil - assertPojoValues - PASS:: Response1 Node Name : 'Name' and Values :'Vijay Naik JD' - Response2 Node Name : 'Name' and Values :'Vijay Naik JD'
INFO - 04-12-2020 12:02:13 - FlatMapUtil - assertPojoValues - PASS:: Response1 Node Name : 'Email' and Values :'vijay_jd_naik@denesik.org' - Response2 Node Name : 'Email' and Values :'vijay_jd_naik@denesik.org'
INFO - 04-12-2020 12:02:13 - FlatMapUtil - assertPojoValues - PASS:: Response1 Node Name : 'Gender' and Values :'Female' - Response2 Node Name : 'Gender' and Values :'Female'
INFO - 04-12-2020 12:02:13 - FlatMapUtil - assertPojoValues - PASS:: Response1 Node Name : 'Status' and Values :'Active' - Response2 Node Name : 'Status' and Values :'Active'
INFO - 04-12-2020 12:02:13 - FlatMapUtil - assertPojoValues - PASS:: Response1 Node Name : 'createdat' and Values :'2020-12-04T03:50:05.029+05:30' - Response2 Node Name : 'createdat' and Values :'2020-12-04T03:50:05.029+05:30'
INFO - 04-12-2020 12:02:13 - FlatMapUtil - assertPojoValues - PASS:: Response1 Node Name : 'updatedat' and Values :'2020-12-04T03:50:05.029+05:30' - Response2 Node Name : 'updatedat' and Values :'2020-12-04T03:50:05.029+05:30'
INFO - 04-12-2020 12:02:13 - FlatMapUtil - pojoComparision - ====================================Record ID : '57' data validation ended====================================
INFO - 04-12-2020 12:02:13 - FlatMapUtil - pojoComparision - ====================================Record ID : '58' data validation started====================================
INFO - 04-12-2020 12:02:13 - FlatMapUtil - assertPojoValues - PASS:: Response1 Node Name : 'Id' and Values :'58' - Response2 Node Name : 'Id' and Values :'58'
INFO - 04-12-2020 12:02:13 - FlatMapUtil - assertPojoValues - PASS:: Response1 Node Name : 'Name' and Values :'Dhana Chopra' - Response2 Node Name : 'Name' and Values :'Dhana Chopra'
INFO - 04-12-2020 12:02:13 - FlatMapUtil - assertPojoValues - PASS:: Response1 Node Name : 'Email' and Values :'dhana_chopra@stracke.net' - Response2 Node Name : 'Email' and Values :'dhana_chopra@stracke.net'
INFO - 04-12-2020 12:02:13 - FlatMapUtil - assertPojoValues - PASS:: Response1 Node Name : 'Gender' and Values :'Female' - Response2 Node Name : 'Gender' and Values :'Female'
INFO - 04-12-2020 12:02:13 - FlatMapUtil - assertPojoValues - PASS:: Response1 Node Name : 'Status' and Values :'Inactive' - Response2 Node Name : 'Status' and Values :'Inactive'
INFO - 04-12-2020 12:02:13 - FlatMapUtil - assertPojoValues - PASS:: Response1 Node Name : 'createdat' and Values :'2020-12-04T03:50:05.060+05:30' - Response2 Node Name : 'createdat' and Values :'2020-12-04T03:50:05.060+05:30'
INFO - 04-12-2020 12:02:13 - FlatMapUtil - assertPojoValues - PASS:: Response1 Node Name : 'updatedat' and Values :'2020-12-04T03:50:05.060+05:30' - Response2 Node Name : 'updatedat' and Values :'2020-12-04T03:50:05.060+05:30'
INFO - 04-12-2020 12:02:13 - FlatMapUtil - pojoComparision - ====================================Record ID : '58' data validation ended====================================
INFO - 04-12-2020 12:02:13 - FlatMapUtil - pojoComparision - ====================================Record ID : '59' data validation started====================================
INFO - 04-12-2020 12:02:13 - FlatMapUtil - assertPojoValues - PASS:: Response1 Node Name : 'Id' and Values :'59' - Response2 Node Name : 'Id' and Values :'59'
INFO - 04-12-2020 12:02:13 - FlatMapUtil - assertPojoValues - PASS:: Response1 Node Name : 'Name' and Values :'Baijayanti Abbott' - Response2 Node Name : 'Name' and Values :'Baijayanti Abbott'
INFO - 04-12-2020 12:02:13 - FlatMapUtil - assertPojoValues - PASS:: Response1 Node Name : 'Email' and Values :'baijayanti_abbott@rippin-flatley.io' - Response2 Node Name : 'Email' and Values :'baijayanti_abbott@rippin-flatley.io'
INFO - 04-12-2020 12:02:13 - FlatMapUtil - assertPojoValues - PASS:: Response1 Node Name : 'Gender' and Values :'Male' - Response2 Node Name : 'Gender' and Values :'Male'
INFO - 04-12-2020 12:02:13 - FlatMapUtil - assertPojoValues - PASS:: Response1 Node Name : 'Status' and Values :'Active' - Response2 Node Name : 'Status' and Values :'Active'
INFO - 04-12-2020 12:02:13 - FlatMapUtil - assertPojoValues - PASS:: Response1 Node Name : 'createdat' and Values :'2020-12-04T03:50:05.079+05:30' - Response2 Node Name : 'createdat' and Values :'2020-12-04T03:50:05.079+05:30'
INFO - 04-12-2020 12:02:13 - FlatMapUtil - assertPojoValues - PASS:: Response1 Node Name : 'updatedat' and Values :'2020-12-04T03:50:05.079+05:30' - Response2 Node Name : 'updatedat' and Values :'2020-12-04T03:50:05.079+05:30'
INFO - 04-12-2020 12:02:13 - FlatMapUtil - pojoComparision - ====================================Record ID : '59' data validation ended====================================
INFO - 04-12-2020 12:02:13 - FlatMapUtil - pojoComparision - ====================================Record ID : '60' data validation started====================================
INFO - 04-12-2020 12:02:13 - FlatMapUtil - assertPojoValues - PASS:: Response1 Node Name : 'Id' and Values :'60' - Response2 Node Name : 'Id' and Values :'60'
INFO - 04-12-2020 12:02:13 - FlatMapUtil - assertPojoValues - PASS:: Response1 Node Name : 'Name' and Values :'Baalagopaal Rana' - Response2 Node Name : 'Name' and Values :'Baalagopaal Rana'
INFO - 04-12-2020 12:02:13 - FlatMapUtil - assertPojoValues - PASS:: Response1 Node Name : 'Email' and Values :'rana_baalagopaal@kautzer-daugherty.name' - Response2 Node Name : 'Email' and Values :'rana_baalagopaal@kautzer-daugherty.name'
INFO - 04-12-2020 12:02:13 - FlatMapUtil - assertPojoValues - PASS:: Response1 Node Name : 'Gender' and Values :'Female' - Response2 Node Name : 'Gender' and Values :'Female'
INFO - 04-12-2020 12:02:13 - FlatMapUtil - assertPojoValues - PASS:: Response1 Node Name : 'Status' and Values :'Active' - Response2 Node Name : 'Status' and Values :'Active'
INFO - 04-12-2020 12:02:13 - FlatMapUtil - assertPojoValues - PASS:: Response1 Node Name : 'createdat' and Values :'2020-12-04T03:50:05.105+05:30' - Response2 Node Name : 'createdat' and Values :'2020-12-04T03:50:05.105+05:30'
INFO - 04-12-2020 12:02:13 - FlatMapUtil - assertPojoValues - PASS:: Response1 Node Name : 'updatedat' and Values :'2020-12-04T03:50:05.105+05:30' - Response2 Node Name : 'updatedat' and Values :'2020-12-04T03:50:05.105+05:30'
INFO - 04-12-2020 12:02:13 - FlatMapUtil - pojoComparision - ====================================Record ID : '60' data validation ended====================================
INFO - 04-12-2020 12:04:26 - Hooks - beforeScenario - Thread ID:'12' 'PASS'
INFO - 04-12-2020 12:04:26 - RestServices - getResponseFromGetMethod - end point url - https://gorest.co.in/public-api/users
INFO - 04-12-2020 12:04:28 - RestServices - getResponseFromGetMethod - Response Status - 200
INFO - 04-12-2020 12:04:28 - RestServices - getResponseFromGetMethod - Response  - {"code":200,"meta":{"pagination":{"total":1356,"pages":68,"page":1,"limit":20}},"data":[{"id":40,"name":"Ronny Morar","email":"Maggie_Casper@yahoo.com","gender":"Male","status":"Active","created_at":"2020-12-04T03:50:04.779+05:30","updated_at":"2020-12-04T08:32:53.299+05:30"},{"id":41,"name":"Vasundhara Pandey","email":"vasundhara_pandey@deckow.org","gender":"Female","status":"Active","created_at":"2020-12-04T03:50:04.802+05:30","updated_at":"2020-12-04T03:50:04.802+05:30"},{"id":42,"name":"Ms. Dhanvin Pandey","email":"pandey_dhanvin_ms@gislason.com","gender":"Female","status":"Active","created_at":"2020-12-04T03:50:04.811+05:30","updated_at":"2020-12-04T03:50:04.811+05:30"},{"id":43,"name":"Arindam Sethi","email":"arindam_sethi@runte.name","gender":"Male","status":"Inactive","created_at":"2020-12-04T03:50:04.828+05:30","updated_at":"2020-12-04T03:50:04.828+05:30"},{"id":44,"name":"Chandan Rana","email":"rana_chandan@lockman-marquardt.net","gender":"Male","status":"Inactive","created_at":"2020-12-04T03:50:04.831+05:30","updated_at":"2020-12-04T03:50:04.831+05:30"},{"id":45,"name":"Chandra Guneta","email":"guneta_chandra@hermann.biz","gender":"Male","status":"Inactive","created_at":"2020-12-04T03:50:04.843+05:30","updated_at":"2020-12-04T03:50:04.843+05:30"},{"id":46,"name":"Dipali Iyengar MD","email":"dipali_md_iyengar@ratke.org","gender":"Male","status":"Inactive","created_at":"2020-12-04T03:50:04.861+05:30","updated_at":"2020-12-04T03:50:04.861+05:30"},{"id":47,"name":"Bhaaswar Jain V","email":"bhaaswar_v_jain@cummings.biz","gender":"Male","status":"Inactive","created_at":"2020-12-04T03:50:04.873+05:30","updated_at":"2020-12-04T03:50:04.873+05:30"},{"id":48,"name":"Amb. Gopaal Gupta","email":"amb_gopaal_gupta@ruecker.info","gender":"Male","status":"Inactive","created_at":"2020-12-04T03:50:04.882+05:30","updated_at":"2020-12-04T03:50:04.882+05:30"},{"id":49,"name":"Anish Bhattathiri","email":"anish_bhattathiri@ohara-torphy.net","gender":"Female","status":"Active","created_at":"2020-12-04T03:50:04.885+05:30","updated_at":"2020-12-04T03:50:04.885+05:30"},{"id":50,"name":"Purushottam Namboothiri","email":"purushottam_namboothiri@spinka.org","gender":"Male","status":"Inactive","created_at":"2020-12-04T03:50:04.920+05:30","updated_at":"2020-12-04T03:50:04.920+05:30"},{"id":51,"name":"Sudeva Mehra","email":"sudeva_mehra@bogan.info","gender":"Male","status":"Active","created_at":"2020-12-04T03:50:04.934+05:30","updated_at":"2020-12-04T03:50:04.934+05:30"},{"id":53,"name":"Charuvrat Sethi","email":"sethi_charuvrat@yost.biz","gender":"Male","status":"Active","created_at":"2020-12-04T03:50:04.958+05:30","updated_at":"2020-12-04T03:50:04.958+05:30"},{"id":54,"name":"Brahmaanand Shah","email":"shah_brahmaanand@dibbert.name","gender":"Male","status":"Inactive","created_at":"2020-12-04T03:50:04.981+05:30","updated_at":"2020-12-04T03:50:04.981+05:30"},{"id":55,"name":"Prof. Nimit Malik","email":"prof_nimit_malik@parker-hamill.org","gender":"Female","status":"Inactive","created_at":"2020-12-04T03:50:04.992+05:30","updated_at":"2020-12-04T03:50:04.992+05:30"},{"id":56,"name":"Brajesh Tagore","email":"brajesh_tagore@mosciski.co","gender":"Male","status":"Active","created_at":"2020-12-04T03:50:05.018+05:30","updated_at":"2020-12-04T03:50:05.018+05:30"},{"id":57,"name":"Vijay Naik JD","email":"vijay_jd_naik@denesik.org","gender":"Female","status":"Active","created_at":"2020-12-04T03:50:05.029+05:30","updated_at":"2020-12-04T03:50:05.029+05:30"},{"id":58,"name":"Dhana Chopra","email":"dhana_chopra@stracke.net","gender":"Female","status":"Inactive","created_at":"2020-12-04T03:50:05.060+05:30","updated_at":"2020-12-04T03:50:05.060+05:30"},{"id":59,"name":"Baijayanti Abbott","email":"baijayanti_abbott@rippin-flatley.io","gender":"Male","status":"Active","created_at":"2020-12-04T03:50:05.079+05:30","updated_at":"2020-12-04T03:50:05.079+05:30"},{"id":60,"name":"Baalagopaal Rana","email":"rana_baalagopaal@kautzer-daugherty.name","gender":"Female","status":"Active","created_at":"2020-12-04T03:50:05.105+05:30","updated_at":"2020-12-04T03:50:05.105+05:30"}]}
INFO - 04-12-2020 12:04:28 - RestServices - getResponseFromGetMethod - end point url - https://gorest.co.in/public-api/users
INFO - 04-12-2020 12:04:29 - RestServices - getResponseFromGetMethod - Response Status - 200
INFO - 04-12-2020 12:04:29 - RestServices - getResponseFromGetMethod - Response  - {"code":200,"meta":{"pagination":{"total":1356,"pages":68,"page":1,"limit":20}},"data":[{"id":40,"name":"Ronny Morar","email":"Maggie_Casper@yahoo.com","gender":"Male","status":"Active","created_at":"2020-12-04T03:50:04.779+05:30","updated_at":"2020-12-04T08:32:53.299+05:30"},{"id":41,"name":"Vasundhara Pandey","email":"vasundhara_pandey@deckow.org","gender":"Female","status":"Active","created_at":"2020-12-04T03:50:04.802+05:30","updated_at":"2020-12-04T03:50:04.802+05:30"},{"id":42,"name":"Ms. Dhanvin Pandey","email":"pandey_dhanvin_ms@gislason.com","gender":"Female","status":"Active","created_at":"2020-12-04T03:50:04.811+05:30","updated_at":"2020-12-04T03:50:04.811+05:30"},{"id":43,"name":"Arindam Sethi","email":"arindam_sethi@runte.name","gender":"Male","status":"Inactive","created_at":"2020-12-04T03:50:04.828+05:30","updated_at":"2020-12-04T03:50:04.828+05:30"},{"id":44,"name":"Chandan Rana","email":"rana_chandan@lockman-marquardt.net","gender":"Male","status":"Inactive","created_at":"2020-12-04T03:50:04.831+05:30","updated_at":"2020-12-04T03:50:04.831+05:30"},{"id":45,"name":"Chandra Guneta","email":"guneta_chandra@hermann.biz","gender":"Male","status":"Inactive","created_at":"2020-12-04T03:50:04.843+05:30","updated_at":"2020-12-04T03:50:04.843+05:30"},{"id":46,"name":"Dipali Iyengar MD","email":"dipali_md_iyengar@ratke.org","gender":"Male","status":"Inactive","created_at":"2020-12-04T03:50:04.861+05:30","updated_at":"2020-12-04T03:50:04.861+05:30"},{"id":47,"name":"Bhaaswar Jain V","email":"bhaaswar_v_jain@cummings.biz","gender":"Male","status":"Inactive","created_at":"2020-12-04T03:50:04.873+05:30","updated_at":"2020-12-04T03:50:04.873+05:30"},{"id":48,"name":"Amb. Gopaal Gupta","email":"amb_gopaal_gupta@ruecker.info","gender":"Male","status":"Inactive","created_at":"2020-12-04T03:50:04.882+05:30","updated_at":"2020-12-04T03:50:04.882+05:30"},{"id":49,"name":"Anish Bhattathiri","email":"anish_bhattathiri@ohara-torphy.net","gender":"Female","status":"Active","created_at":"2020-12-04T03:50:04.885+05:30","updated_at":"2020-12-04T03:50:04.885+05:30"},{"id":50,"name":"Purushottam Namboothiri","email":"purushottam_namboothiri@spinka.org","gender":"Male","status":"Inactive","created_at":"2020-12-04T03:50:04.920+05:30","updated_at":"2020-12-04T03:50:04.920+05:30"},{"id":51,"name":"Sudeva Mehra","email":"sudeva_mehra@bogan.info","gender":"Male","status":"Active","created_at":"2020-12-04T03:50:04.934+05:30","updated_at":"2020-12-04T03:50:04.934+05:30"},{"id":53,"name":"Charuvrat Sethi","email":"sethi_charuvrat@yost.biz","gender":"Male","status":"Active","created_at":"2020-12-04T03:50:04.958+05:30","updated_at":"2020-12-04T03:50:04.958+05:30"},{"id":54,"name":"Brahmaanand Shah","email":"shah_brahmaanand@dibbert.name","gender":"Male","status":"Inactive","created_at":"2020-12-04T03:50:04.981+05:30","updated_at":"2020-12-04T03:50:04.981+05:30"},{"id":55,"name":"Prof. Nimit Malik","email":"prof_nimit_malik@parker-hamill.org","gender":"Female","status":"Inactive","created_at":"2020-12-04T03:50:04.992+05:30","updated_at":"2020-12-04T03:50:04.992+05:30"},{"id":56,"name":"Brajesh Tagore","email":"brajesh_tagore@mosciski.co","gender":"Male","status":"Active","created_at":"2020-12-04T03:50:05.018+05:30","updated_at":"2020-12-04T03:50:05.018+05:30"},{"id":57,"name":"Vijay Naik JD","email":"vijay_jd_naik@denesik.org","gender":"Female","status":"Active","created_at":"2020-12-04T03:50:05.029+05:30","updated_at":"2020-12-04T03:50:05.029+05:30"},{"id":58,"name":"Dhana Chopra","email":"dhana_chopra@stracke.net","gender":"Female","status":"Inactive","created_at":"2020-12-04T03:50:05.060+05:30","updated_at":"2020-12-04T03:50:05.060+05:30"},{"id":59,"name":"Baijayanti Abbott","email":"baijayanti_abbott@rippin-flatley.io","gender":"Male","status":"Active","created_at":"2020-12-04T03:50:05.079+05:30","updated_at":"2020-12-04T03:50:05.079+05:30"},{"id":60,"name":"Baalagopaal Rana","email":"rana_baalagopaal@kautzer-daugherty.name","gender":"Female","status":"Active","created_at":"2020-12-04T03:50:05.105+05:30","updated_at":"2020-12-04T03:50:05.105+05:30"}]}
INFO - 04-12-2020 12:04:29 - FlatMapUtil - pojoComparision - ====================================Record ID : '40' data validation started====================================
INFO - 04-12-2020 12:04:29 - FlatMapUtil - pojoComparision - ====================================Record ID : '40' data validation ended====================================
INFO - 04-12-2020 12:04:29 - FlatMapUtil - pojoComparision - ====================================Record ID : '41' data validation started====================================
INFO - 04-12-2020 12:04:29 - FlatMapUtil - pojoComparision - ====================================Record ID : '41' data validation ended====================================
INFO - 04-12-2020 12:04:29 - FlatMapUtil - pojoComparision - ====================================Record ID : '42' data validation started====================================
INFO - 04-12-2020 12:04:29 - FlatMapUtil - pojoComparision - ====================================Record ID : '42' data validation ended====================================
INFO - 04-12-2020 12:04:29 - FlatMapUtil - pojoComparision - ====================================Record ID : '43' data validation started====================================
INFO - 04-12-2020 12:04:29 - FlatMapUtil - pojoComparision - ====================================Record ID : '43' data validation ended====================================
INFO - 04-12-2020 12:04:29 - FlatMapUtil - pojoComparision - ====================================Record ID : '44' data validation started====================================
INFO - 04-12-2020 12:04:29 - FlatMapUtil - pojoComparision - ====================================Record ID : '44' data validation ended====================================
INFO - 04-12-2020 12:04:29 - FlatMapUtil - pojoComparision - ====================================Record ID : '45' data validation started====================================
INFO - 04-12-2020 12:04:29 - FlatMapUtil - pojoComparision - ====================================Record ID : '45' data validation ended====================================
INFO - 04-12-2020 12:04:29 - FlatMapUtil - pojoComparision - ====================================Record ID : '46' data validation started====================================
INFO - 04-12-2020 12:04:29 - FlatMapUtil - pojoComparision - ====================================Record ID : '46' data validation ended====================================
INFO - 04-12-2020 12:04:29 - FlatMapUtil - pojoComparision - ====================================Record ID : '47' data validation started====================================
INFO - 04-12-2020 12:04:29 - FlatMapUtil - pojoComparision - ====================================Record ID : '47' data validation ended====================================
INFO - 04-12-2020 12:04:29 - FlatMapUtil - pojoComparision - ====================================Record ID : '48' data validation started====================================
INFO - 04-12-2020 12:04:29 - FlatMapUtil - pojoComparision - ====================================Record ID : '48' data validation ended====================================
INFO - 04-12-2020 12:04:29 - FlatMapUtil - pojoComparision - ====================================Record ID : '49' data validation started====================================
INFO - 04-12-2020 12:04:29 - FlatMapUtil - pojoComparision - ====================================Record ID : '49' data validation ended====================================
INFO - 04-12-2020 12:04:29 - FlatMapUtil - pojoComparision - ====================================Record ID : '50' data validation started====================================
INFO - 04-12-2020 12:04:29 - FlatMapUtil - pojoComparision - ====================================Record ID : '50' data validation ended====================================
INFO - 04-12-2020 12:04:29 - FlatMapUtil - pojoComparision - ====================================Record ID : '51' data validation started====================================
INFO - 04-12-2020 12:04:29 - FlatMapUtil - pojoComparision - ====================================Record ID : '51' data validation ended====================================
INFO - 04-12-2020 12:04:29 - FlatMapUtil - pojoComparision - ====================================Record ID : '53' data validation started====================================
INFO - 04-12-2020 12:04:29 - FlatMapUtil - pojoComparision - ====================================Record ID : '53' data validation ended====================================
INFO - 04-12-2020 12:04:29 - FlatMapUtil - pojoComparision - ====================================Record ID : '54' data validation started====================================
INFO - 04-12-2020 12:04:29 - FlatMapUtil - pojoComparision - ====================================Record ID : '54' data validation ended====================================
INFO - 04-12-2020 12:04:29 - FlatMapUtil - pojoComparision - ====================================Record ID : '55' data validation started====================================
INFO - 04-12-2020 12:04:29 - FlatMapUtil - pojoComparision - ====================================Record ID : '55' data validation ended====================================
INFO - 04-12-2020 12:04:29 - FlatMapUtil - pojoComparision - ====================================Record ID : '56' data validation started====================================
INFO - 04-12-2020 12:04:29 - FlatMapUtil - pojoComparision - ====================================Record ID : '56' data validation ended====================================
INFO - 04-12-2020 12:04:29 - FlatMapUtil - pojoComparision - ====================================Record ID : '57' data validation started====================================
INFO - 04-12-2020 12:04:29 - FlatMapUtil - pojoComparision - ====================================Record ID : '57' data validation ended====================================
INFO - 04-12-2020 12:04:29 - FlatMapUtil - pojoComparision - ====================================Record ID : '58' data validation started====================================
INFO - 04-12-2020 12:04:29 - FlatMapUtil - pojoComparision - ====================================Record ID : '58' data validation ended====================================
INFO - 04-12-2020 12:04:29 - FlatMapUtil - pojoComparision - ====================================Record ID : '59' data validation started====================================
INFO - 04-12-2020 12:04:29 - FlatMapUtil - pojoComparision - ====================================Record ID : '59' data validation ended====================================
INFO - 04-12-2020 12:04:29 - FlatMapUtil - pojoComparision - ====================================Record ID : '60' data validation started====================================
INFO - 04-12-2020 12:04:29 - FlatMapUtil - pojoComparision - ====================================Record ID : '60' data validation ended====================================
